<?xml version="1.0" encoding="UTF-8"?>
<!-- Generated by org.testng.reporters.JUnitReportReporter -->
<testsuite hostname="PROMSI61610" failures="0" tests="1" name="Utilities.FilloExcellReader" time="0.517" errors="0" timestamp="2022-10-09T23:44:54 IST" skipped="0">
  <testcase classname="Utilities.FilloExcellReader" name="fetchdata" time="0.517"/>
</testsuite> <!-- Utilities.FilloExcellReader -->
