<?xml version="1.0" encoding="UTF-8"?>
<!-- Generated by org.testng.reporters.JUnitReportReporter -->
<testsuite hostname="PROMSI61610" failures="0" tests="1" name="API_TestCases.SampleTest" time="0.031" errors="0" timestamp="2022-10-05T18:58:13 IST" skipped="0">
  <testcase classname="API_TestCases.SampleTest" name="test" time="0.031"/>
</testsuite> <!-- API_TestCases.SampleTest -->
