<?xml version="1.0" encoding="UTF-8"?>
<!-- Generated by org.testng.reporters.JUnitReportReporter -->
<testsuite hostname="PROMSI61610" failures="0" tests="1" name="Utilities.RandomDataGenerator" time="0.186" errors="0" timestamp="2022-10-17T14:56:40 IST" skipped="0">
  <testcase classname="Utilities.RandomDataGenerator" name="Testing" time="0.186"/>
</testsuite> <!-- Utilities.RandomDataGenerator -->
