<?xml version="1.0" encoding="UTF-8"?>
<!-- Generated by org.testng.reporters.JUnitReportReporter -->
<testsuite hostname="PROMSI61610" failures="0" tests="3" name="API_TestCases.API_POC" time="6.356" errors="0" timestamp="2022-11-01T23:58:55 IST" skipped="0">
  <testcase classname="API_TestCases.API_POC" name="c_checkIfUserExists" time="1.595"/>
  <system-out/>
  <testcase classname="API_TestCases.API_POC" name="b_accessTokenInfo" time="1.898"/>
  <system-out/>
  <testcase classname="API_TestCases.API_POC" name="a_get_accessToken" time="2.863"/>
  <system-out/>
</testsuite> <!-- API_TestCases.API_POC -->
