<?xml version="1.0" encoding="UTF-8"?>
<!-- Generated by org.testng.reporters.JUnitReportReporter -->
<testsuite hostname="PROMSI61610" failures="0" tests="1" name="API_TestCases.AddBook" time="1.890" errors="0" timestamp="2022-09-28T10:48:54 IST" skipped="0">
  <testcase classname="API_TestCases.AddBook" name="validateAddBook" time="1.890"/>
</testsuite> <!-- API_TestCases.AddBook -->
