<?xml version="1.0" encoding="UTF-8"?>
<!-- Generated by org.testng.reporters.JUnitReportReporter -->
<testsuite hostname="PROMSI61610" failures="0" tests="4" name="API_TestCases.ProductOrder" time="5.580" errors="0" timestamp="2022-09-30T12:19:00 IST" skipped="0">
  <testcase classname="API_TestCases.ProductOrder" name="b_validateCreateOrder" time="0.331"/>
  <testcase classname="API_TestCases.ProductOrder" name="c_validateViewOrderDetails" time="0.542"/>
  <testcase classname="API_TestCases.ProductOrder" name="a_validateCreateProduct" time="4.396"/>
  <testcase classname="API_TestCases.ProductOrder" name="d_validateDeleteAddedProduct" time="0.311"/>
</testsuite> <!-- API_TestCases.ProductOrder -->
