<?xml version="1.0" encoding="UTF-8"?>
<!-- Generated by org.testng.reporters.JUnitReportReporter -->
<testsuite hostname="PROMSI61610" failures="0" tests="1" name="com.API_Testing.Listeners.ExecutionStatusReport" time="8.676" errors="0" timestamp="2022-10-14T00:03:11 IST" skipped="0">
  <testcase classname="com.API_Testing.Listeners.ExecutionStatusReport" name="demo" time="8.676"/>
</testsuite> <!-- com.API_Testing.Listeners.ExecutionStatusReport -->
