<?xml version="1.0" encoding="UTF-8"?>
<!-- Generated by org.testng.reporters.JUnitReportReporter -->
<testsuite hostname="PROMSI61610" failures="0" tests="3" name="API_TestCases.API_POC" time="6.882" errors="0" timestamp="2022-10-23T09:37:15 IST" skipped="0">
  <testcase classname="API_TestCases.API_POC" name="b_accessTokenInfo" time="1.841"/>
  <system-out/>
  <testcase classname="API_TestCases.API_POC" name="c_checkIfUserExists" time="1.640"/>
  <system-out/>
  <testcase classname="API_TestCases.API_POC" name="a_get_accessToken" time="3.401"/>
  <system-out/>
</testsuite> <!-- API_TestCases.API_POC -->
