<?xml version="1.0" encoding="UTF-8"?>
<!-- Generated by org.testng.reporters.JUnitReportReporter -->
<testsuite hostname="PROMSI61610" failures="0" tests="3" name="API_TestCases.API_POC2" time="2.582" errors="0" timestamp="2022-10-23T09:37:15 IST" skipped="0">
  <testcase classname="API_TestCases.API_POC2" name="a_get_accessToken" time="1.032"/>
  <system-out/>
  <testcase classname="API_TestCases.API_POC2" name="c_checkIfUserExists" time="0.941"/>
  <system-out/>
  <testcase classname="API_TestCases.API_POC2" name="b_accessTokenInfo" time="0.609"/>
  <system-out/>
</testsuite> <!-- API_TestCases.API_POC2 -->
